DEB [20170717-22:48:17.474] thr=1   paramiko.transport: starting thread (client mode): 0x2029890L
DEB [20170717-22:48:17.474] thr=1   paramiko.transport: Local version/idstring: SSH-2.0-paramiko_1.16.1
DEB [20170717-22:48:17.483] thr=1   paramiko.transport: Remote version/idstring: SSH-2.0-dropbear_2014.63
INF [20170717-22:48:17.484] thr=1   paramiko.transport: Connected (version 2.0, client dropbear_2014.63)
DEB [20170717-22:48:17.485] thr=1   paramiko.transport: kex algos:[u'curve25519-sha256@libssh.org', u'ecdh-sha2-nistp521', u'ecdh-sha2-nistp384', u'ecdh-sha2-nistp256', u'diffie-hellman-group1-sha1', u'diffie-hellman-group14-sha1', u'kexguess2@matt.ucc.asn.au'] server key:[u'ssh-rsa', u'ssh-dss'] client encrypt:[u'aes128-ctr', u'3des-ctr', u'aes256-ctr', u'aes128-cbc', u'3des-cbc', u'aes256-cbc', u'twofish256-cbc', u'twofish-cbc', u'twofish128-cbc'] server encrypt:[u'aes128-ctr', u'3des-ctr', u'aes256-ctr', u'aes128-cbc', u'3des-cbc', u'aes256-cbc', u'twofish256-cbc', u'twofish-cbc', u'twofish128-cbc'] client mac:[u'hmac-sha1-96', u'hmac-sha1', u'hmac-md5'] server mac:[u'hmac-sha1-96', u'hmac-sha1', u'hmac-md5'] client compress:[u'none'] server compress:[u'none'] client lang:[u''] server lang:[u''] kex follows?False
DEB [20170717-22:48:17.485] thr=1   paramiko.transport: Kex agreed: diffie-hellman-group1-sha1
DEB [20170717-22:48:17.485] thr=1   paramiko.transport: Cipher agreed: aes128-ctr
DEB [20170717-22:48:17.485] thr=1   paramiko.transport: MAC agreed: hmac-md5
DEB [20170717-22:48:17.485] thr=1   paramiko.transport: Compression agreed: none
DEB [20170717-22:48:19.057] thr=1   paramiko.transport: kex engine KexGroup1 specified hash_algo <built-in function openssl_sha1>
DEB [20170717-22:48:19.057] thr=1   paramiko.transport: Switch to new keys ...
DEB [20170717-22:48:19.077] thr=2   paramiko.transport: Adding ssh-rsa host key for 172.28.153.22: 8d68feb511b539342de274a4c12766a2
DEB [20170717-22:48:19.078] thr=2   paramiko.transport: Trying discovered key 5f36dba83d7191d570476d7351720d59 in /home/www-crm/.ssh/id_rsa
DEB [20170717-22:48:19.081] thr=1   paramiko.transport: userauth is OK
INF [20170717-22:48:19.093] thr=1   paramiko.transport: Authentication (publickey) failed.
DEB [20170717-22:48:19.096] thr=1   paramiko.transport: userauth is OK
INF [20170717-22:48:19.104] thr=1   paramiko.transport: Authentication (password) successful!
DEB [20170717-22:48:19.109] thr=2   paramiko.transport: [chan 0] Max packet in: 32768 bytes
DEB [20170717-22:48:19.112] thr=1   paramiko.transport: [chan 0] Max packet out: 32768 bytes
DEB [20170717-22:48:19.113] thr=1   paramiko.transport: Secsh channel 0 opened.
DEB [20170717-22:48:19.116] thr=1   paramiko.transport: [chan 0] Sesch channel 0 request ok
DEB [20170717-22:48:26.036] thr=2   paramiko.transport: [chan 0] EOF sent (0)
DEB [20170717-22:48:26.036] thr=2   paramiko.transport: [chan 1] Max packet in: 32768 bytes
DEB [20170717-22:48:26.040] thr=1   paramiko.transport: [chan 0] EOF received (0)
DEB [20170717-22:48:26.043] thr=1   paramiko.transport: [chan 1] Max packet out: 32768 bytes
DEB [20170717-22:48:26.043] thr=1   paramiko.transport: Secsh channel 1 opened.
DEB [20170717-22:48:26.047] thr=1   paramiko.transport: [chan 1] Sesch channel 1 request ok
DEB [20170717-22:48:26.835] thr=1   paramiko.transport: [chan 1] EOF received (1)
DEB [20170717-22:48:26.835] thr=1   paramiko.transport: [chan 1] EOF sent (1)
DEB [20170717-22:48:26.863] thr=2   paramiko.transport: [chan 2] Max packet in: 32768 bytes
DEB [20170717-22:48:26.880] thr=1   paramiko.transport: [chan 2] Max packet out: 32768 bytes
DEB [20170717-22:48:26.880] thr=1   paramiko.transport: Secsh channel 2 opened.
DEB [20170717-22:48:26.899] thr=1   paramiko.transport: [chan 2] Sesch channel 2 request ok
DEB [20170717-22:48:28.396] thr=1   paramiko.transport: [chan 2] EOF received (2)
DEB [20170717-22:48:28.396] thr=1   paramiko.transport: [chan 2] EOF sent (2)
DEB [20170717-22:48:28.497] thr=1   paramiko.transport: EOF in transport thread
